*** Starting uWSGI 2.0.19.1 (64bit) on [Fri Jul 10 11:12:32 2020] ***
compiled with version: 9.3.0 on 07 July 2020 08:49:58
os: Linux-5.4.0-31-generic #35-Ubuntu SMP Thu May 7 20:20:34 UTC 2020
nodename: iZg7zx30dugbaqZ
machine: x86_64
clock source: unix
detected number of CPU cores: 1
current working directory: /home/Web/app
detected binary path: /usr/local/bin/uwsgi
!!! no internal routing support, rebuild with pcre support !!!
uWSGI running as root, you can use --uid/--gid/--chroot options
*** WARNING: you are running uWSGI as root !!! (use the --uid flag) *** 
chdir() to /home/Web/app/
your processes number limit is 7730
your memory page size is 4096 bytes
detected max file descriptor number: 65535
lock engine: pthread robust mutexes
thunder lock: disabled (you can enable it with --thunder-lock)
uwsgi socket 0 bound to TCP address 127.0.0.1:10087 fd 3
uWSGI running as root, you can use --uid/--gid/--chroot options
*** WARNING: you are running uWSGI as root !!! (use the --uid flag) *** 
Python version: 3.8.2 (default, Apr 27 2020, 15:53:34)  [GCC 9.3.0]
Python main interpreter initialized at 0x55ca1472e690
uWSGI running as root, you can use --uid/--gid/--chroot options
*** WARNING: you are running uWSGI as root !!! (use the --uid flag) *** 
python threads support enabled
your server socket listen backlog is limited to 100 connections
your mercy for graceful operations on workers is 60 seconds
mapped 145808 bytes (142 KB) for 1 cores
*** Operational MODE: single process ***
added /root/anaconda3/envs/flask/lib/python3.7/site-packages/ to pythonpath.
WSGI app 0 (mountpoint='') ready in 0 seconds on interpreter 0x55ca1472e690 pid: 2517 (default app)
uWSGI running as root, you can use --uid/--gid/--chroot options
*** WARNING: you are running uWSGI as root !!! (use the --uid flag) *** 
*** uWSGI is running in multiple interpreter mode ***
spawned uWSGI master process (pid: 2517)
spawned uWSGI worker 1 (pid: 2519, cores: 1)
*** Stats server enabled on 127.0.0.1:9191\ fd: 9 ***
Python auto-reloader enabled
[pid: 2519|app: 0|req: 1/1] 115.171.91.163 () {48 vars in 791 bytes} [Fri Jul 10 11:12:58 2020] GET / => generated 14 bytes in 1 msecs (HTTP/1.1 200) 2 headers in 79 bytes (1 switches on core 0)
[pid: 2519|app: 0|req: 2/2] 120.244.118.53 () {42 vars in 721 bytes} [Fri Jul 10 11:14:16 2020] GET / => generated 14 bytes in 0 msecs (HTTP/1.0 200) 2 headers in 79 bytes (1 switches on core 0)
[pid: 2519|app: 0|req: 3/3] 120.244.118.53 () {44 vars in 666 bytes} [Fri Jul 10 11:14:16 2020] GET /favicon.ico => generated 232 bytes in 0 msecs (HTTP/1.0 404) 2 headers in 87 bytes (1 switches on core 0)
SIGINT/SIGQUIT received...killing workers...
worker 1 buried after 1 seconds
goodbye to uWSGI.
*** Starting uWSGI 2.0.19.1 (64bit) on [Fri Jul 10 11:15:18 2020] ***
compiled with version: 9.3.0 on 07 July 2020 08:49:58
os: Linux-5.4.0-31-generic #35-Ubuntu SMP Thu May 7 20:20:34 UTC 2020
nodename: iZg7zx30dugbaqZ
machine: x86_64
clock source: unix
detected number of CPU cores: 1
current working directory: /home/Web/app
detected binary path: /usr/local/bin/uwsgi
!!! no internal routing support, rebuild with pcre support !!!
uWSGI running as root, you can use --uid/--gid/--chroot options
*** WARNING: you are running uWSGI as root !!! (use the --uid flag) *** 
chdir() to /home/Web/app/
your processes number limit is 7730
your memory page size is 4096 bytes
detected max file descriptor number: 65535
lock engine: pthread robust mutexes
thunder lock: disabled (you can enable it with --thunder-lock)
uwsgi socket 0 bound to TCP address 127.0.0.1:10087 fd 3
uWSGI running as root, you can use --uid/--gid/--chroot options
*** WARNING: you are running uWSGI as root !!! (use the --uid flag) *** 
Python version: 3.8.2 (default, Apr 27 2020, 15:53:34)  [GCC 9.3.0]
Python main interpreter initialized at 0x556925424690
uWSGI running as root, you can use --uid/--gid/--chroot options
*** WARNING: you are running uWSGI as root !!! (use the --uid flag) *** 
python threads support enabled
your server socket listen backlog is limited to 100 connections
your mercy for graceful operations on workers is 60 seconds
mapped 145808 bytes (142 KB) for 1 cores
*** Operational MODE: single process ***
added /root/anaconda3/envs/flask/lib/python3.7/site-packages/ to pythonpath.
Traceback (most recent call last):
  File "webindex.py", line 2, in <module>
    import pandas as pd
ModuleNotFoundError: No module named 'pandas'
unable to load app 0 (mountpoint='') (callable not found or import error)
*** no app loaded. going in full dynamic mode ***
uWSGI running as root, you can use --uid/--gid/--chroot options
*** WARNING: you are running uWSGI as root !!! (use the --uid flag) *** 
*** uWSGI is running in multiple interpreter mode ***
spawned uWSGI master process (pid: 2525)
spawned uWSGI worker 1 (pid: 2527, cores: 1)
*** Stats server enabled on 127.0.0.1:9191\ fd: 9 ***
Python auto-reloader enabled
WSGI app 0 (mountpoint='') ready in 0 seconds on interpreter 0x556925424690 pid: 2527 (default app)
[pid: 2527|app: 0|req: 1/1] 115.171.91.163 () {48 vars in 791 bytes} [Fri Jul 10 11:15:22 2020] GET / => generated 14 bytes in 7 msecs (HTTP/1.1 200) 2 headers in 79 bytes (1 switches on core 0)
[pid: 2527|app: 0|req: 2/2] 115.171.91.163 () {48 vars in 791 bytes} [Fri Jul 10 11:15:23 2020] GET / => generated 14 bytes in 0 msecs (HTTP/1.1 200) 2 headers in 79 bytes (1 switches on core 0)
[pid: 2527|app: 0|req: 3/3] 115.171.91.163 () {48 vars in 791 bytes} [Fri Jul 10 11:15:24 2020] GET / => generated 14 bytes in 0 msecs (HTTP/1.1 200) 2 headers in 79 bytes (1 switches on core 0)
[pid: 2527|app: 0|req: 4/4] 115.171.91.163 () {48 vars in 791 bytes} [Fri Jul 10 11:15:24 2020] GET / => generated 14 bytes in 0 msecs (HTTP/1.1 200) 2 headers in 79 bytes (1 switches on core 0)
[pid: 2527|app: 0|req: 5/5] 115.171.91.163 () {48 vars in 791 bytes} [Fri Jul 10 11:15:24 2020] GET / => generated 14 bytes in 0 msecs (HTTP/1.1 200) 2 headers in 79 bytes (1 switches on core 0)
[pid: 2527|app: 0|req: 6/6] 115.171.91.163 () {48 vars in 791 bytes} [Fri Jul 10 11:15:25 2020] GET / => generated 14 bytes in 0 msecs (HTTP/1.1 200) 2 headers in 79 bytes (1 switches on core 0)
[pid: 2527|app: 0|req: 7/7] 115.171.91.163 () {48 vars in 791 bytes} [Fri Jul 10 11:15:25 2020] GET / => generated 14 bytes in 0 msecs (HTTP/1.1 200) 2 headers in 79 bytes (1 switches on core 0)
