6.29
重装两次python，更换旧版jdk，测试spark
6.30
看了看数据，试着使用ubuntu
下了依赖包，升级pip
在阿里云上实验ubuntu，搞坏了也不心疼
源有时候没速度，很慢
安装有莫名其妙的依赖包问题，尝试升级内核到20.04
7.1
放弃服务器上搞了，本地老实整虚拟机吧
15：52：安语言包安了仨钟头了裂开，分配了4+8g+80gpcie固态出这问题就离谱，试过香港，澳门，日本节点也没用
跳过不管了
配置完虚拟机了
ubuntu更新器占用锁导致apt无法使用
更新时没速度，换源，换源时会报软件缓存过时让刷新，刷新会报ubuntu内部错误，后按教程导致连不上网，恢复默认解决
更新问题一直有，重装2次Ubuntu后好了
xshell连接文档中命令有误，改为.d/ssh start后连接成功
7.2
用spark把数据洗了
学arima，看懂一点。平稳性检验，平稳化处理，白噪声检测搞懂了，但模型识别和定阶，单位根检验没搞懂
arima没太多优化空间，看其他方案
hmm没找到合适的教程和解释
机器学习卡在数据筛选那了
7.3
学隐马尔可夫模型，隐马尔科夫模型的三要素，前向算法 
在隐马尔可夫模型中还有一条由隐变量组成的隐含状态链，需要用隐变量来预测，感觉可以试着用天气当隐变量，但是感觉有点少，
且大部分预测是用前几天的数据来预测下一天，而不是跨年预测
看怎么把数据格式化为Pandas DataFrame格式，以及特征提取
准备动手试一下，先试一下机器学习的，感觉比hmm靠谱一些，但是代码还没好
7.4
看机器学习做天气预测
数据要重新清洗，文档里给的没法用
看如何格式化数据
读取失败了，翻python的教程
7.5
开始重写数据清洗，由于python不算熟悉，主要在看python
数据的读入有问题导致DataFrame报错，
换了方法，直接让panda打开文件直接转换就成了，避免了中间的bug
7.6
学习线性回归模型，进行线性回归的分析，为模型选取特征数据，可视化可以正常输出散点图
准备将网页部署到阿里云，安装anaconda，结果conda命令用不了，去修改path发现gedit用不了，安了gedit发现要付费使用xmanager
临时设置和所有用户的全局设置不起作用
7.7
继续调，各种方法用了一圈都不好使，用xftp直接编辑文件也不行
换了系统镜像到20.04试试
终于成了可以正常用conda命令了
安装flask
安装uwsgi报错
可能是gcc版本问题，安网上的方法重装gcc4.8结果搞得apt都用不了，导致重装系统
与gcc无关，使用pip3安装才能成功
uwsgi由于前端没好所以没试

