6.29
下载配置了python pycharm git等，尝试使用华为云仓库，但由于华为云问题更换为github。
参与小组分工
配置flask与spark等开发相关配置
尝试使用spark3.0与hadoop2.7进行配置但配置失败
换成spark2.6.4 Hadoop相对应版本 jdk1.8 配置成功
帮助组员配置环境

6.30
9点到9点半尝试进行任务6获取数据 但页面跳转问题 使得该任务暂时搁置
9点半到11点 继续帮助组员进行spark的环境配置
11点到12点 组员安装环境失败 分工变动
下午 学习flask 无果 还没看懂 难顶

7.1
用flask做出了非常简单的小网页 继续看网络教程
学习了flask的如何进行debug模式
flask的路由的简单配置
flask的重定向

7.2
学习了flask的动态路由配置，如何为路由指定支持的http方法
正在学习如何构建flask微服务架构
安装mysql库 打算用mysql储存用户登陆等信息

7.3
正在学习flask的页面设计 在网络上寻找相关例子
尝试实现例子但发现例子运用的sqlaichemy 实现失败
从网上查找mysql的使用方法
单单改动sqlaichemy为mysql没法实现 还得再做尝试

7.4
继续学习flask页面设计
完成了登录界面网页的样子
与组长完成了3d地图网页的样子
正在完成注册界面样子
正在进行mysql与pycharm间的连接

7.5
连接mysql数据库时出现多处报错：
已解决
'latin-1' codec can't encode characters
pymysql.err.InternalError: (1862, 'Your password has expired. To log in you must change it using a c
重设mysql密码报错
pymysql.err.InternalError: (1049, "Unknown database 'test_db'"）
未解决
AttributeError: 'method' object has no attribute 'password'
