6.29
上午
进行组队，下载pycharm
使用华为云，建立并加入仓库，后因华为云人数限制问题而改用github
安装并配置flask
下午
下载spark3.0与Hadoop3.0
配置spark，第一次尝试配置spark3.0与Hadoop2.7，配置失败
下载spark2.6.5与Hadoop2.6.5
第二次尝试配置spark2.6.5与Hadoop2.6.5,配置失败，
下载spark2.4.6与Hadoop2.4.6
第三次用spark2.4.6与Hadoop2.4.6进行配置，还是失败
6.30
上午
经过激烈讨论
小组决定用spark2.4.6与Hadoop2.4.6进行配置
配置还是出现问题，经过尝试，认为是jdk版本问题
改用java1.8.0 152
配置spark2.4.6成功
配置pycharm
进行代码用例测试
输出乱码，目前正在调试
下午
学习flask框架，
百度查资料，
观看教程视频,学习了Holle flask,正则匹配路由，请求勾子，状态保持
安装并配置intellij，配置 成功
7.1
上午
听老师讲课
继续学习flask，学习了字符串的操作，控制代码块，wtf表单
会用pycharm 的flask 实现简单的网页
下午
组长安排后续任务，让我继续学习JAVA spring
学习JAVA spring，了解了JAVA spring的一些基础
7.2
上午
听老师讲课
继续学习JAVA spring，可以用JAVA初步做出简单的HTML网页
下午
听老师讲解各任务之间的关系，以及解答同学们遇到的难题
组长安排后续事宜，后端数据清洗已初步完成，要求前端在中期答辩前有简易框架
继续埋头苦肝springMVC
