个人工作日志
6.29 day 1
进行了环境的安装，配置spark时出现若干问题。初次安装使用3.0.0版本，但是hadoop难以找到对应版本的支持文件，所以安装后出现大量warning和一个exception。
看起来有问题，所以尝试安装2.4.6版本。获取到对应的支持文件后cmd测试无异常，似乎完成了任务五的要求。但是个人用pycharm测试时出现大量报错，无法运行。
搜索后发现是java版本不对，遂更换jdk1.8。安装后pycharm运行出现乱码，再次更新pycharm，成功运行输出结果。
6.30 day 2
上午帮助组内其他成员进行spark 安装，并完成任务6数据集的下载和任务7 安装数据分析相关的依赖包。正在进行任务8虚拟机安装相关。
预计下午进行spark集群安装和数据清洗。
下午已完成本机虚拟机的安装，安装hadoop和spark集群，尝试数据清洗。
7.1 day3 
继续完善虚拟机的网络配置，安装xshell在本机与虚拟机间建立连接。
期间先调整了一下虚拟机的内存分配，设置主机与虚拟机的IP地址。
根据任务11，利用spark进行了数据清理，获得了1980年至2012年6月28日的最高最低气温值。
开始学习ARIMA模型。正在根据数据绘制序列图表，之后判断是否平稳及差分阶数d。
晚上期望差分后继续绘制ACF、PACF图表，学习p,q的确定方法。
7.2 day4
今天主要进行ARIMA模型的研究在通过观察图表判断参数pqd后，决定采用网格搜索的方法，
对参数设定范围后循环枚举pqd的值，并通过AIC进行模型评估，值越小的结果越好，以此求出最佳参数。
实现仍有问题，结果误差较大。晚上进行优化。
同时，安排小组其他同学开始其他优化和模型的学习。
7.3 day5
今天完善ARIMA的网格搜索实现，并计算了MSE ，发现改模型最小MSE值为50左右，误差很大。
所以我们决定采用别的模型，我利用anaconda新安装了 fbprophet的环境，并利用prophet重新进行
模型的拟合和MSE值的计算，现在结果是23左右。晚上继续查看fbprophet资料，尝试进行优化。
7.4 day6
由后端转为帮助进度较慢的前端。今天利用echarts实现了一个3d的中国地图。并利用JavaScript获取
用户点击地区名。获取地区名踩到坑里，浪费了不少时间。使用echarts-gl实现3d效果，但是echarts-gl
版本问题无法识别点击事件，经过大量查资料和尝试终于发现一个可行的办法，才成功获取地区名。
晚上开始websocket。
7.5 day7
前端编写网页，编写数据展示页，调试登陆注册界面。
开始研究网络传输，但是现在个方面关系和相互连接还有点困惑。初步尝试了本地python间服务器和客户端相互连接。
但是网页传输和微服务框架还是不太明白。
7.6 day8
今天上午进行了中期答辩。看到了和其他组的差距，我们现在的主要问题就是网络传输。
今天下午主要进行flask中websocket 应用，现在已经利用socketoi进行了json数据的传输
接下来继续完善网络连接。