6.29 day1
小组成员完成环境配置，安装saprk和hadoop。
6.30 day2
 前端成员进行java Spring和flask学习，简单代码编写。
后端成员进行本机虚拟机的安装和spark集群安装。
7.1 day3
小组成员已利用xshell进行本机与虚拟机连接，配置jdk,spark和hadoop。
已利用spark获得1980年至2012年北京6月28日最高气温和最低气温，完成数据清洗。
后端成员开始学习ARIMA模型，正根据绘制图表确定参数取值。
前端成员学习flask和javaSpring。已实现网页间的简单跳转，准备进一步学习flask微服务框架和javaSpring MVC。
7.2 day4
后端继续进行ARIMA模型的学习和实现。王磊主要负责ARIMA模型的实现，采用网格搜索和AIC准则
评估的方法获得ARIMA模型的最优参数值。申淳元和燕怡楠开始学习时间序列预测的优化和其他模型。
前端掌握flask的路由，正实现微服务框架。开始初步编写Javaspring MVC的基本框架，学习easy ui的
具体应用。
7.2 day5
后端发现ARIMA模型误差较大后，后端三人分别学习不同的代替方案。王磊学习fbprophet并已经获得预测结果，
燕怡楠和申淳元开始学习神经网络相关,如RNN和lstm。
前端吴明昊继续学习flask，尝试结合MySQL数据库进行用户管理。韦永剑继续学习Java Spring，
编写简单代码和基本框架。